[2022-09-14T20:01:25.041+0000] {taskinstance.py:1171} INFO - Dependencies all met for <TaskInstance: example_branch_datetime_operator_2.datetime_branch scheduled__2022-09-13T00:00:00+00:00 [queued]>
[2022-09-14T20:01:25.053+0000] {taskinstance.py:1171} INFO - Dependencies all met for <TaskInstance: example_branch_datetime_operator_2.datetime_branch scheduled__2022-09-13T00:00:00+00:00 [queued]>
[2022-09-14T20:01:25.053+0000] {taskinstance.py:1368} INFO - 
--------------------------------------------------------------------------------
[2022-09-14T20:01:25.054+0000] {taskinstance.py:1369} INFO - Starting attempt 1 of 1
[2022-09-14T20:01:25.054+0000] {taskinstance.py:1370} INFO - 
--------------------------------------------------------------------------------
[2022-09-14T20:01:25.073+0000] {taskinstance.py:1389} INFO - Executing <Task(BranchDateTimeOperator): datetime_branch> on 2022-09-13 00:00:00+00:00
[2022-09-14T20:01:25.079+0000] {standard_task_runner.py:52} INFO - Started process 3582 to run task
[2022-09-14T20:01:25.082+0000] {standard_task_runner.py:79} INFO - Running: ['***', 'tasks', 'run', 'example_branch_datetime_operator_2', 'datetime_branch', 'scheduled__2022-09-13T00:00:00+00:00', '--job-id', '4', '--raw', '--subdir', '/home/***/.local/lib/python3.7/site-packages/***/example_dags/example_branch_datetime_operator.py', '--cfg-path', '/tmp/tmpq6myj_60', '--error-file', '/tmp/tmp210r81ed']
[2022-09-14T20:01:25.083+0000] {standard_task_runner.py:80} INFO - Job 4: Subtask datetime_branch
[2022-09-14T20:01:25.160+0000] {task_command.py:371} INFO - Running <TaskInstance: example_branch_datetime_operator_2.datetime_branch scheduled__2022-09-13T00:00:00+00:00 [running]> on host f69e49ffb6eb
[2022-09-14T20:01:25.237+0000] {taskinstance.py:1583} INFO - Exporting the following env vars:
AIRFLOW_CTX_DAG_OWNER=***
AIRFLOW_CTX_DAG_ID=example_branch_datetime_operator_2
AIRFLOW_CTX_TASK_ID=datetime_branch
AIRFLOW_CTX_EXECUTION_DATE=2022-09-13T00:00:00+00:00
AIRFLOW_CTX_TRY_NUMBER=1
AIRFLOW_CTX_DAG_RUN_ID=scheduled__2022-09-13T00:00:00+00:00
[2022-09-14T20:01:25.238+0000] {skipmixin.py:140} INFO - Following branch ['date_in_range']
[2022-09-14T20:01:25.238+0000] {skipmixin.py:175} INFO - Skipping tasks ['date_outside_range']
[2022-09-14T20:01:25.287+0000] {taskinstance.py:1412} INFO - Marking task as SUCCESS. dag_id=example_branch_datetime_operator_2, task_id=datetime_branch, execution_date=20220913T000000, start_date=20220914T200125, end_date=20220914T200125
[2022-09-14T20:01:25.334+0000] {local_task_job.py:156} INFO - Task exited with return code 0
[2022-09-14T20:01:25.398+0000] {local_task_job.py:279} INFO - 1 downstream tasks scheduled from follow-on schedule check
