[2022-09-14T20:01:26.261+0000] {taskinstance.py:1171} INFO - Dependencies all met for <TaskInstance: example_branch_dop_operator_v3.condition scheduled__2022-09-14T20:00:00+00:00 [queued]>
[2022-09-14T20:01:26.278+0000] {taskinstance.py:1171} INFO - Dependencies all met for <TaskInstance: example_branch_dop_operator_v3.condition scheduled__2022-09-14T20:00:00+00:00 [queued]>
[2022-09-14T20:01:26.279+0000] {taskinstance.py:1368} INFO - 
--------------------------------------------------------------------------------
[2022-09-14T20:01:26.279+0000] {taskinstance.py:1369} INFO - Starting attempt 1 of 1
[2022-09-14T20:01:26.280+0000] {taskinstance.py:1370} INFO - 
--------------------------------------------------------------------------------
[2022-09-14T20:01:26.301+0000] {taskinstance.py:1389} INFO - Executing <Task(BranchPythonOperator): condition> on 2022-09-14 20:00:00+00:00
[2022-09-14T20:01:26.305+0000] {standard_task_runner.py:52} INFO - Started process 3584 to run task
[2022-09-14T20:01:26.309+0000] {standard_task_runner.py:79} INFO - Running: ['***', 'tasks', 'run', 'example_branch_dop_operator_v3', 'condition', 'scheduled__2022-09-14T20:00:00+00:00', '--job-id', '5', '--raw', '--subdir', '/home/***/.local/lib/python3.7/site-packages/***/example_dags/example_branch_python_dop_operator_3.py', '--cfg-path', '/tmp/tmpzael61ew', '--error-file', '/tmp/tmpip_4mfbx']
[2022-09-14T20:01:26.310+0000] {standard_task_runner.py:80} INFO - Job 5: Subtask condition
[2022-09-14T20:01:26.387+0000] {task_command.py:371} INFO - Running <TaskInstance: example_branch_dop_operator_v3.condition scheduled__2022-09-14T20:00:00+00:00 [running]> on host f69e49ffb6eb
[2022-09-14T20:01:26.475+0000] {taskinstance.py:1583} INFO - Exporting the following env vars:
AIRFLOW_CTX_DAG_OWNER=***
AIRFLOW_CTX_DAG_ID=example_branch_dop_operator_v3
AIRFLOW_CTX_TASK_ID=condition
AIRFLOW_CTX_EXECUTION_DATE=2022-09-14T20:00:00+00:00
AIRFLOW_CTX_TRY_NUMBER=1
AIRFLOW_CTX_DAG_RUN_ID=scheduled__2022-09-14T20:00:00+00:00
[2022-09-14T20:01:26.478+0000] {warnings.py:110} WARNING - /home/***/.local/lib/python3.7/site-packages/***/utils/context.py:290: AirflowContextDeprecationWarning: Accessing 'execution_date' from the template is deprecated and will be removed in a future version. Please use 'data_interval_start' or 'logical_date' instead.
  warnings.warn(_create_deprecation_warning(k, replacements))

[2022-09-14T20:01:26.478+0000] {logging_mixin.py:115} INFO - ------------- exec dttm = 2022-09-14T20:00:00+00:00 and minute = 0
[2022-09-14T20:01:26.479+0000] {python.py:173} INFO - Done. Returned value was: empty_task_1
[2022-09-14T20:01:26.479+0000] {skipmixin.py:140} INFO - Following branch empty_task_1
[2022-09-14T20:01:26.480+0000] {skipmixin.py:175} INFO - Skipping tasks ['empty_task_2']
[2022-09-14T20:01:26.526+0000] {taskinstance.py:1412} INFO - Marking task as SUCCESS. dag_id=example_branch_dop_operator_v3, task_id=condition, execution_date=20220914T200000, start_date=20220914T200126, end_date=20220914T200126
[2022-09-14T20:01:26.561+0000] {local_task_job.py:156} INFO - Task exited with return code 0
[2022-09-14T20:01:26.613+0000] {local_task_job.py:279} INFO - 1 downstream tasks scheduled from follow-on schedule check
