[2022-09-15T11:46:34.863+0000] {taskinstance.py:1171} INFO - Dependencies all met for <TaskInstance: vrventures.vrventure_db manual__2022-09-15T11:46:31.566846+00:00 [queued]>
[2022-09-15T11:46:34.879+0000] {taskinstance.py:1171} INFO - Dependencies all met for <TaskInstance: vrventures.vrventure_db manual__2022-09-15T11:46:31.566846+00:00 [queued]>
[2022-09-15T11:46:34.880+0000] {taskinstance.py:1368} INFO - 
--------------------------------------------------------------------------------
[2022-09-15T11:46:34.881+0000] {taskinstance.py:1369} INFO - Starting attempt 1 of 6
[2022-09-15T11:46:34.881+0000] {taskinstance.py:1370} INFO - 
--------------------------------------------------------------------------------
[2022-09-15T11:46:34.909+0000] {taskinstance.py:1389} INFO - Executing <Task(PostgresOperator): vrventure_db> on 2022-09-15 11:46:31.566846+00:00
[2022-09-15T11:46:34.916+0000] {standard_task_runner.py:52} INFO - Started process 5854 to run task
[2022-09-15T11:46:34.922+0000] {standard_task_runner.py:79} INFO - Running: ['***', 'tasks', 'run', 'vrventures', 'vrventure_db', 'manual__2022-09-15T11:46:31.566846+00:00', '--job-id', '5', '--raw', '--subdir', 'DAGS_FOLDER/vrventures.py', '--cfg-path', '/tmp/tmpedgwbs_s', '--error-file', '/tmp/tmp6p168u6s']
[2022-09-15T11:46:34.925+0000] {standard_task_runner.py:80} INFO - Job 5: Subtask vrventure_db
[2022-09-15T11:46:35.026+0000] {task_command.py:371} INFO - Running <TaskInstance: vrventures.vrventure_db manual__2022-09-15T11:46:31.566846+00:00 [running]> on host ffd7ac941535
[2022-09-15T11:46:35.147+0000] {taskinstance.py:1583} INFO - Exporting the following env vars:
AIRFLOW_CTX_DAG_OWNER=VRVENTURES
AIRFLOW_CTX_DAG_ID=vrventures
AIRFLOW_CTX_TASK_ID=vrventure_db
AIRFLOW_CTX_EXECUTION_DATE=2022-09-15T11:46:31.566846+00:00
AIRFLOW_CTX_TRY_NUMBER=1
AIRFLOW_CTX_DAG_RUN_ID=manual__2022-09-15T11:46:31.566846+00:00
[2022-09-15T11:46:35.161+0000] {base.py:68} INFO - Using connection ID 'vrventures_db' for task execution.
[2022-09-15T11:46:35.203+0000] {sql.py:315} INFO - Running statement: CREATE TABLE IF NOT EXISTS github_activities(id int, 
                                                                repo_name text, 
                                                                type int, 
                                                                activity_id varchar(225) , 
                                                                author_id varchar(225) , 
                                                                created_at varchar(225) ), parameters: None
[2022-09-15T11:46:35.260+0000] {taskinstance.py:1412} INFO - Marking task as SUCCESS. dag_id=vrventures, task_id=vrventure_db, execution_date=20220915T114631, start_date=20220915T114634, end_date=20220915T114635
[2022-09-15T11:46:35.293+0000] {local_task_job.py:156} INFO - Task exited with return code 0
[2022-09-15T11:46:35.344+0000] {local_task_job.py:279} INFO - 0 downstream tasks scheduled from follow-on schedule check
